<?xml version="1.0" encoding="UTF-8"?>
<!-- Generated by org.testng.reporters.JUnitReportReporter -->
<testsuite skipped="0" hostname="DESKTOP-FEPQ0C3" name="crossbrowser.CrossBrowserTest" tests="3" failures="0" timestamp="2022-10-08T20:23:41 IST" time="16.779" errors="2">
  <testcase name="setup" time="9.705" classname="crossbrowser.CrossBrowserTest"/>
  <system-out/>
  <testcase name="setup" time="6.983" classname="crossbrowser.CrossBrowserTest">
    <error type="org.openqa.selenium.SessionNotCreatedException" message="session not created: This version of MSEdgeDriver only supports MSEdge version 99
Current browser version is 105.0.1343.53 with binary path C:\Program Files (x86)\Microsoft\Edge\Application\msedge.exe
Build info: version: &#039;3.6.0&#039;, revision: &#039;6fbf3ec767&#039;, time: &#039;2017-09-27T15:28:36.4Z&#039;
System info: host: &#039;DESKTOP-FEPQ0C3&#039;, ip: &#039;192.168.241.245&#039;, os.name: &#039;Windows 8.1&#039;, os.arch: &#039;amd64&#039;, os.version: &#039;6.3&#039;, java.version: &#039;1.8.0_20&#039;
Driver info: driver.version: EdgeDriver
remote stacktrace: Backtrace:
	Microsoft::Applications::Events::EventProperties::unpack [0x00007FF705C21932+25346]
	Microsoft::Applications::Events::time_ticks_t::time_ticks_t [0x00007FF705B5E992+515810]
	Ordinal0 [0x00007FF705670BC5+658373]
	Ordinal0 [0x00007FF70569B5E0+832992]
	Ordinal0 [0x00007FF705696B7E+813950]
	Ordinal0 [0x00007FF7056924EE+795886]
	Ordinal0 [0x00007FF7056CC366+1033062]
	Ordinal0 [0x00007FF7056C6A53+1010259]
	Ordinal0 [0x00007FF70569DB47+842567]
	Ordinal0 [0x00007FF70569F018+847896]
	Microsoft::Applications::Events::EventProperty::to_string [0x00007FF70582F1C8+827304]
	Microsoft::Applications::Events::EventProperty::EventProperty [0x00007FF705919389+34681]
	Microsoft::Applications::Events::EventProperty::EventProperty [0x00007FF70591C562+47442]
	Microsoft::Applications::Events::EventProperty::to_string [0x00007FF70576C6D6+29878]
	Microsoft::Applications::Events::time_ticks_t::time_ticks_t [0x00007FF705B65981+544465]
	Microsoft::Applications::Events::time_ticks_t::time_ticks_t [0x00007FF705B6A984+564948]
	Microsoft::Applications::Events::time_ticks_t::time_ticks_t [0x00007FF705B6AADD+565293]
	Microsoft::Applications::Events::time_ticks_t::time_ticks_t [0x00007FF705B748CE+605726]
	BaseThreadInitThunk [0x00007FFFCE147034+20]
	RtlUserThreadStart [0x00007FFFCF942651+33]
">
      <![CDATA[org.openqa.selenium.SessionNotCreatedException: session not created: This version of MSEdgeDriver only supports MSEdge version 99
Current browser version is 105.0.1343.53 with binary path C:\Program Files (x86)\Microsoft\Edge\Application\msedge.exe
Build info: version: '3.6.0', revision: '6fbf3ec767', time: '2017-09-27T15:28:36.4Z'
System info: host: 'DESKTOP-FEPQ0C3', ip: '192.168.241.245', os.name: 'Windows 8.1', os.arch: 'amd64', os.version: '6.3', java.version: '1.8.0_20'
Driver info: driver.version: EdgeDriver
remote stacktrace: Backtrace:
Microsoft::Applications::Events::EventProperties::unpack [0x00007FF705C21932+25346]
Microsoft::Applications::Events::time_ticks_t::time_ticks_t [0x00007FF705B5E992+515810]
Ordinal0 [0x00007FF705670BC5+658373]
Ordinal0 [0x00007FF70569B5E0+832992]
Ordinal0 [0x00007FF705696B7E+813950]
Ordinal0 [0x00007FF7056924EE+795886]
Ordinal0 [0x00007FF7056CC366+1033062]
Ordinal0 [0x00007FF7056C6A53+1010259]
Ordinal0 [0x00007FF70569DB47+842567]
Ordinal0 [0x00007FF70569F018+847896]
Microsoft::Applications::Events::EventProperty::to_string [0x00007FF70582F1C8+827304]
Microsoft::Applications::Events::EventProperty::EventProperty [0x00007FF705919389+34681]
Microsoft::Applications::Events::EventProperty::EventProperty [0x00007FF70591C562+47442]
Microsoft::Applications::Events::EventProperty::to_string [0x00007FF70576C6D6+29878]
Microsoft::Applications::Events::time_ticks_t::time_ticks_t [0x00007FF705B65981+544465]
Microsoft::Applications::Events::time_ticks_t::time_ticks_t [0x00007FF705B6A984+564948]
Microsoft::Applications::Events::time_ticks_t::time_ticks_t [0x00007FF705B6AADD+565293]
Microsoft::Applications::Events::time_ticks_t::time_ticks_t [0x00007FF705B748CE+605726]
BaseThreadInitThunk [0x00007FFFCE147034+20]
RtlUserThreadStart [0x00007FFFCF942651+33]

at sun.reflect.NativeConstructorAccessorImpl.newInstance0(Native Method)
at sun.reflect.NativeConstructorAccessorImpl.newInstance(Unknown Source)
at sun.reflect.DelegatingConstructorAccessorImpl.newInstance(Unknown Source)
at java.lang.reflect.Constructor.newInstance(Unknown Source)
at org.openqa.selenium.remote.W3CHandshakeResponse.lambda$new$0(W3CHandshakeResponse.java:57)
at org.openqa.selenium.remote.W3CHandshakeResponse$$Lambda$219/1885662066.apply(Unknown Source)
at org.openqa.selenium.remote.W3CHandshakeResponse.lambda$getResponseFunction$2(W3CHandshakeResponse.java:104)
at org.openqa.selenium.remote.W3CHandshakeResponse$$Lambda$221/1595717289.apply(Unknown Source)
at org.openqa.selenium.remote.ProtocolHandshake.lambda$createSession$24(ProtocolHandshake.java:359)
at org.openqa.selenium.remote.ProtocolHandshake$$Lambda$222/1085940443.apply(Unknown Source)
at java.util.stream.ReferencePipeline$3$1.accept(Unknown Source)
at java.util.Spliterators$ArraySpliterator.tryAdvance(Unknown Source)
at java.util.stream.ReferencePipeline.forEachWithCancel(Unknown Source)
at java.util.stream.AbstractPipeline.copyIntoWithCancel(Unknown Source)
at java.util.stream.AbstractPipeline.copyInto(Unknown Source)
at java.util.stream.AbstractPipeline.wrapAndCopyInto(Unknown Source)
at java.util.stream.FindOps$FindOp.evaluateSequential(Unknown Source)
at java.util.stream.AbstractPipeline.evaluate(Unknown Source)
at java.util.stream.ReferencePipeline.findFirst(Unknown Source)
at org.openqa.selenium.remote.ProtocolHandshake.createSession(ProtocolHandshake.java:362)
at org.openqa.selenium.remote.ProtocolHandshake.createSession(ProtocolHandshake.java:136)
at org.openqa.selenium.remote.HttpCommandExecutor.execute(HttpCommandExecutor.java:142)
at org.openqa.selenium.remote.service.DriverCommandExecutor.execute(DriverCommandExecutor.java:83)
at org.openqa.selenium.remote.RemoteWebDriver.execute(RemoteWebDriver.java:586)
at org.openqa.selenium.remote.RemoteWebDriver.startSession(RemoteWebDriver.java:217)
at org.openqa.selenium.remote.RemoteWebDriver.<init>(RemoteWebDriver.java:140)
at org.openqa.selenium.edge.EdgeDriver.<init>(EdgeDriver.java:150)
at org.openqa.selenium.edge.EdgeDriver.<init>(EdgeDriver.java:139)
at org.openqa.selenium.edge.EdgeDriver.<init>(EdgeDriver.java:96)
at crossbrowser.CrossBrowserTest.setup(CrossBrowserTest.java:35)
at sun.reflect.NativeMethodAccessorImpl.invoke0(Native Method)
at sun.reflect.NativeMethodAccessorImpl.invoke(Unknown Source)
at sun.reflect.DelegatingMethodAccessorImpl.invoke(Unknown Source)
at java.lang.reflect.Method.invoke(Unknown Source)
at org.testng.internal.MethodInvocationHelper.invokeMethod(MethodInvocationHelper.java:133)
at org.testng.internal.TestInvoker.invokeMethod(TestInvoker.java:598)
at org.testng.internal.TestInvoker.invokeTestMethod(TestInvoker.java:173)
at org.testng.internal.MethodRunner.runInSequence(MethodRunner.java:46)
at org.testng.internal.TestInvoker$MethodInvocationAgent.invoke(TestInvoker.java:824)
at org.testng.internal.TestInvoker.invokeTestMethods(TestInvoker.java:146)
at org.testng.internal.TestMethodWorker.invokeTestMethods(TestMethodWorker.java:146)
at org.testng.internal.TestMethodWorker.run(TestMethodWorker.java:128)
at org.testng.TestRunner$$Lambda$109/178439476.accept(Unknown Source)
at java.util.ArrayList.forEach(Unknown Source)
at org.testng.TestRunner.privateRun(TestRunner.java:794)
at org.testng.TestRunner.run(TestRunner.java:596)
at org.testng.SuiteRunner.runTest(SuiteRunner.java:377)
at org.testng.SuiteRunner.access$000(SuiteRunner.java:28)
at org.testng.SuiteRunner$SuiteWorker.run(SuiteRunner.java:418)
at org.testng.internal.thread.ThreadUtil.lambda$execute$0(ThreadUtil.java:64)
at org.testng.internal.thread.ThreadUtil$$Lambda$76/345281752.call(Unknown Source)
at java.util.concurrent.FutureTask.run(Unknown Source)
at java.util.concurrent.ThreadPoolExecutor.runWorker(Unknown Source)
at java.util.concurrent.ThreadPoolExecutor$Worker.run(Unknown Source)
at java.lang.Thread.run(Unknown Source)
]]>
    </error>
  </testcase> <!-- setup -->
  <system-out/>
  <testcase name="setup" time="0.091" classname="crossbrowser.CrossBrowserTest">
    <error type="org.openqa.selenium.WebDriverException" message="Cannot find firefox binary in PATH. Make sure firefox is installed. OS appears to be: WIN8_1
Build info: version: &#039;3.6.0&#039;, revision: &#039;6fbf3ec767&#039;, time: &#039;2017-09-27T15:28:36.4Z&#039;
System info: host: &#039;DESKTOP-FEPQ0C3&#039;, ip: &#039;192.168.241.245&#039;, os.name: &#039;Windows 8.1&#039;, os.arch: &#039;amd64&#039;, os.version: &#039;6.3&#039;, java.version: &#039;1.8.0_20&#039;
Driver info: driver.version: FirefoxDriver">
      <![CDATA[org.openqa.selenium.WebDriverException: Cannot find firefox binary in PATH. Make sure firefox is installed. OS appears to be: WIN8_1
Build info: version: '3.6.0', revision: '6fbf3ec767', time: '2017-09-27T15:28:36.4Z'
System info: host: 'DESKTOP-FEPQ0C3', ip: '192.168.241.245', os.name: 'Windows 8.1', os.arch: 'amd64', os.version: '6.3', java.version: '1.8.0_20'
Driver info: driver.version: FirefoxDriver
at org.openqa.selenium.firefox.FirefoxBinary.<init>(FirefoxBinary.java:116)
at org.openqa.selenium.firefox.FirefoxOptions.getBinary(FirefoxOptions.java:217)
at org.openqa.selenium.firefox.FirefoxDriver.toExecutor(FirefoxDriver.java:147)
at org.openqa.selenium.firefox.FirefoxDriver.<init>(FirefoxDriver.java:120)
at org.openqa.selenium.firefox.FirefoxDriver.<init>(FirefoxDriver.java:98)
at crossbrowser.CrossBrowserTest.setup(CrossBrowserTest.java:28)
at sun.reflect.NativeMethodAccessorImpl.invoke0(Native Method)
at sun.reflect.NativeMethodAccessorImpl.invoke(Unknown Source)
at sun.reflect.DelegatingMethodAccessorImpl.invoke(Unknown Source)
at java.lang.reflect.Method.invoke(Unknown Source)
at org.testng.internal.MethodInvocationHelper.invokeMethod(MethodInvocationHelper.java:133)
at org.testng.internal.TestInvoker.invokeMethod(TestInvoker.java:598)
at org.testng.internal.TestInvoker.invokeTestMethod(TestInvoker.java:173)
at org.testng.internal.MethodRunner.runInSequence(MethodRunner.java:46)
at org.testng.internal.TestInvoker$MethodInvocationAgent.invoke(TestInvoker.java:824)
at org.testng.internal.TestInvoker.invokeTestMethods(TestInvoker.java:146)
at org.testng.internal.TestMethodWorker.invokeTestMethods(TestMethodWorker.java:146)
at org.testng.internal.TestMethodWorker.run(TestMethodWorker.java:128)
at org.testng.TestRunner$$Lambda$109/178439476.accept(Unknown Source)
at java.util.ArrayList.forEach(Unknown Source)
at org.testng.TestRunner.privateRun(TestRunner.java:794)
at org.testng.TestRunner.run(TestRunner.java:596)
at org.testng.SuiteRunner.runTest(SuiteRunner.java:377)
at org.testng.SuiteRunner.access$000(SuiteRunner.java:28)
at org.testng.SuiteRunner$SuiteWorker.run(SuiteRunner.java:418)
at org.testng.internal.thread.ThreadUtil.lambda$execute$0(ThreadUtil.java:64)
at org.testng.internal.thread.ThreadUtil$$Lambda$76/345281752.call(Unknown Source)
at java.util.concurrent.FutureTask.run(Unknown Source)
at java.util.concurrent.ThreadPoolExecutor.runWorker(Unknown Source)
at java.util.concurrent.ThreadPoolExecutor$Worker.run(Unknown Source)
at java.lang.Thread.run(Unknown Source)
]]>
    </error>
  </testcase> <!-- setup -->
  <system-out/>
</testsuite> <!-- crossbrowser.CrossBrowserTest -->
