<?xml version="1.0" encoding="UTF-8"?>
<!-- Generated by org.testng.reporters.JUnitReportReporter -->
<testsuite skipped="2" hostname="DESKTOP-FEPQ0C3" name="com.prac.testng.Day3" tests="7" failures="0" timestamp="2022-10-08T16:56:29 IST" time="0.009" errors="1">
  <testcase name="mobileLoginCarLoan" time="0.003" classname="com.prac.testng.Day3"/>
  <system-out/>
  <testcase name="mobileLoginCarLoan" time="0.004" classname="com.prac.testng.Day3"/>
  <system-out/>
  <testcase name="mobileLoginCarLoan" time="0.001" classname="com.prac.testng.Day3"/>
  <system-out/>
  <testcase name="mobileSigninCarLoan" time="0.000" classname="com.prac.testng.Day3">
    <error type="org.testng.TestNGException" message="
Parameter &#039;URL&#039; is required by @Test on method mobileSigninCarLoan but has not been marked @Optional or defined
in C:\Users\KESHAV\AppData\Local\Temp\testng-eclipse--481720199\testng-customsuite.xml">
      <![CDATA[org.testng.TestNGException: 
Parameter 'URL' is required by @Test on method mobileSigninCarLoan but has not been marked @Optional or defined
in C:\Users\KESHAV\AppData\Local\Temp\testng-eclipse--481720199\testng-customsuite.xml
at org.testng.internal.Parameters.createParams(Parameters.java:270)
at org.testng.internal.Parameters.createParametersForMethod(Parameters.java:358)
at org.testng.internal.Parameters.createParameters(Parameters.java:700)
at org.testng.internal.Parameters.handleParameters(Parameters.java:884)
at org.testng.internal.Parameters.handleParameters(Parameters.java:740)
at org.testng.internal.ParameterHandler.handleParameters(ParameterHandler.java:59)
at org.testng.internal.ParameterHandler.createParameters(ParameterHandler.java:38)
at org.testng.internal.TestInvoker$MethodInvocationAgent.invoke(TestInvoker.java:791)
at org.testng.internal.TestInvoker.invokeTestMethods(TestInvoker.java:146)
at org.testng.internal.TestMethodWorker.invokeTestMethods(TestMethodWorker.java:146)
at org.testng.internal.TestMethodWorker.run(TestMethodWorker.java:128)
at org.testng.TestRunner$$Lambda$111/1157058691.accept(Unknown Source)
at java.util.ArrayList.forEach(Unknown Source)
at org.testng.TestRunner.privateRun(TestRunner.java:794)
at org.testng.TestRunner.run(TestRunner.java:596)
at org.testng.SuiteRunner.runTest(SuiteRunner.java:377)
at org.testng.SuiteRunner.runSequentially(SuiteRunner.java:371)
at org.testng.SuiteRunner.privateRun(SuiteRunner.java:332)
at org.testng.SuiteRunner.run(SuiteRunner.java:276)
at org.testng.SuiteRunnerWorker.runSuite(SuiteRunnerWorker.java:53)
at org.testng.SuiteRunnerWorker.run(SuiteRunnerWorker.java:96)
at org.testng.TestNG.runSuitesSequentially(TestNG.java:1212)
at org.testng.TestNG.runSuitesLocally(TestNG.java:1134)
at org.testng.TestNG.runSuites(TestNG.java:1063)
at org.testng.TestNG.run(TestNG.java:1031)
at org.testng.remote.AbstractRemoteTestNG.run(AbstractRemoteTestNG.java:115)
at org.testng.remote.RemoteTestNG.initAndRun(RemoteTestNG.java:251)
at org.testng.remote.RemoteTestNG.main(RemoteTestNG.java:77)
]]>
    </error>
  </testcase> <!-- mobileSigninCarLoan -->
  <system-out/>
  <testcase name="apiLoginCarLoan" time="0.000" classname="com.prac.testng.Day3">
    <skipped/>
  </testcase> <!-- apiLoginCarLoan -->
  <system-out/>
  <testcase name="webLoginCarLoan" time="0.001" classname="com.prac.testng.Day3"/>
  <system-out/>
  <testcase name="mobileSignoutCarLoan" classname="com.prac.testng.Day3">
    <skipped/>
  </testcase> <!-- mobileSignoutCarLoan -->
  <system-out/>
</testsuite> <!-- com.prac.testng.Day3 -->
